<?xml version="1.0" encoding="UTF-8"?>
<coverage generated="1577054250847" clover="3.2.0">
  <project timestamp="1577054250848" name="All files">
    <metrics statements="29" coveredstatements="7" conditionals="11" coveredconditionals="2" methods="4" coveredmethods="3" elements="44" coveredelements="12" complexity="0" loc="29" ncloc="29" packages="1" files="3" classes="3"/>
    <file name="formHandler.js" path="C:\Users\basbr\Google Drive\School\Udacity\projects\evaluate-news-nlp\src\client\js\formHandler.js">
      <metrics statements="13" coveredstatements="2" conditionals="3" coveredconditionals="0" methods="2" coveredmethods="1"/>
      <line num="5" count="1" type="stmt"/>
      <line num="6" count="1" type="cond" truecount="0" falsecount="2"/>
      <line num="7" count="0" type="stmt"/>
      <line num="10" count="0" type="cond" truecount="0" falsecount="1"/>
      <line num="11" count="0" type="stmt"/>
      <line num="12" count="0" type="stmt"/>
      <line num="13" count="0" type="stmt"/>
      <line num="15" count="0" type="stmt"/>
      <line num="18" count="0" type="stmt"/>
      <line num="19" count="0" type="stmt"/>
      <line num="22" count="0" type="stmt"/>
      <line num="23" count="0" type="stmt"/>
      <line num="25" count="0" type="stmt"/>
    </file>
    <file name="getAPIdata.js" path="C:\Users\basbr\Google Drive\School\Udacity\projects\evaluate-news-nlp\src\client\js\getAPIdata.js">
      <metrics statements="12" coveredstatements="2" conditionals="6" coveredconditionals="1" methods="1" coveredmethods="1"/>
      <line num="1" count="2" type="cond" truecount="1" falsecount="0"/>
      <line num="2" count="1" type="stmt"/>
      <line num="10" count="0" type="stmt"/>
      <line num="11" count="0" type="stmt"/>
      <line num="13" count="0" type="stmt"/>
      <line num="14" count="0" type="cond" truecount="0" falsecount="5"/>
      <line num="16" count="0" type="stmt"/>
      <line num="18" count="0" type="stmt"/>
      <line num="20" count="0" type="stmt"/>
      <line num="22" count="0" type="stmt"/>
      <line num="24" count="0" type="stmt"/>
      <line num="27" count="0" type="stmt"/>
    </file>
    <file name="nameChecker.js" path="C:\Users\basbr\Google Drive\School\Udacity\projects\evaluate-news-nlp\src\client\js\nameChecker.js">
      <metrics statements="4" coveredstatements="3" conditionals="2" coveredconditionals="1" methods="1" coveredmethods="1"/>
      <line num="2" count="1" type="stmt"/>
      <line num="3" count="1" type="stmt"/>
      <line num="11" count="1" type="cond" truecount="1" falsecount="1"/>
      <line num="12" count="0" type="stmt"/>
    </file>
  </project>
</coverage>
