{"C:\\Users\\basbr\\Google Drive\\School\\Udacity\\projects\\evaluate-news-nlp\\src\\client\\js\\formHandler.js": {"path":"C:\\Users\\basbr\\Google Drive\\School\\Udacity\\projects\\evaluate-news-nlp\\src\\client\\js\\formHandler.js","statementMap":{"0":{"start":{"line":5,"column":21},"end":{"line":27,"column":1}},"1":{"start":{"line":6,"column":4},"end":{"line":8,"column":5}},"2":{"start":{"line":7,"column":8},"end":{"line":7,"column":30}},"3":{"start":{"line":10,"column":19},"end":{"line":17,"column":5}},"4":{"start":{"line":11,"column":8},"end":{"line":16,"column":9}},"5":{"start":{"line":12,"column":12},"end":{"line":12,"column":38}},"6":{"start":{"line":13,"column":12},"end":{"line":13,"column":24}},"7":{"start":{"line":15,"column":12},"end":{"line":15,"column":45}},"8":{"start":{"line":18,"column":4},"end":{"line":26,"column":5}},"9":{"start":{"line":19,"column":23},"end":{"line":21,"column":9}},"10":{"start":{"line":22,"column":8},"end":{"line":22,"column":30}},"11":{"start":{"line":23,"column":8},"end":{"line":23,"column":45}},"12":{"start":{"line":25,"column":8},"end":{"line":25,"column":28}}},"fnMap":{"0":{"name":"(anonymous_0)","decl":{"start":{"line":5,"column":21},"end":{"line":5,"column":22}},"loc":{"start":{"line":5,"column":38},"end":{"line":27,"column":1}},"line":5},"1":{"name":"(anonymous_1)","decl":{"start":{"line":10,"column":19},"end":{"line":10,"column":20}},"loc":{"start":{"line":10,"column":76},"end":{"line":17,"column":5}},"line":10}},"branchMap":{"0":{"loc":{"start":{"line":6,"column":4},"end":{"line":8,"column":5}},"type":"if","locations":[{"start":{"line":6,"column":4},"end":{"line":8,"column":5}},{"start":{"line":6,"column":4},"end":{"line":8,"column":5}}],"line":6},"1":{"loc":{"start":{"line":10,"column":26},"end":{"line":10,"column":71}},"type":"default-arg","locations":[{"start":{"line":10,"column":34},"end":{"line":10,"column":71}}],"line":10}},"s":{"0":1,"1":1,"2":0,"3":0,"4":0,"5":0,"6":0,"7":0,"8":0,"9":0,"10":0,"11":0,"12":0},"f":{"0":1,"1":0},"b":{"0":[0,0],"1":[0]},"_coverageSchema":"43e27e138ebf9cfc5966b082cf9a028302ed4184","hash":"35b76ee276559b47fd88af2ac85d2b063454d800"}
,"C:\\Users\\basbr\\Google Drive\\School\\Udacity\\projects\\evaluate-news-nlp\\src\\client\\js\\getAPIdata.js": {"path":"C:\\Users\\basbr\\Google Drive\\School\\Udacity\\projects\\evaluate-news-nlp\\src\\client\\js\\getAPIdata.js","statementMap":{"0":{"start":{"line":1,"column":15},"end":{"line":30,"column":1}},"1":{"start":{"line":2,"column":21},"end":{"line":9,"column":6}},"2":{"start":{"line":10,"column":4},"end":{"line":29,"column":5}},"3":{"start":{"line":11,"column":22},"end":{"line":11,"column":43}},"4":{"start":{"line":13,"column":20},"end":{"line":13,"column":44}},"5":{"start":{"line":14,"column":8},"end":{"line":25,"column":9}},"6":{"start":{"line":16,"column":16},"end":{"line":16,"column":161}},"7":{"start":{"line":18,"column":16},"end":{"line":18,"column":163}},"8":{"start":{"line":20,"column":16},"end":{"line":20,"column":159}},"9":{"start":{"line":22,"column":16},"end":{"line":22,"column":160}},"10":{"start":{"line":24,"column":16},"end":{"line":24,"column":169}},"11":{"start":{"line":27,"column":8},"end":{"line":27,"column":36}}},"fnMap":{"0":{"name":"(anonymous_0)","decl":{"start":{"line":1,"column":15},"end":{"line":1,"column":16}},"loc":{"start":{"line":1,"column":67},"end":{"line":30,"column":1}},"line":1}},"branchMap":{"0":{"loc":{"start":{"line":1,"column":29},"end":{"line":1,"column":62}},"type":"default-arg","locations":[{"start":{"line":1,"column":35},"end":{"line":1,"column":62}}],"line":1},"1":{"loc":{"start":{"line":14,"column":8},"end":{"line":25,"column":9}},"type":"switch","locations":[{"start":{"line":15,"column":12},"end":{"line":16,"column":161}},{"start":{"line":17,"column":12},"end":{"line":18,"column":163}},{"start":{"line":19,"column":12},"end":{"line":20,"column":159}},{"start":{"line":21,"column":12},"end":{"line":22,"column":160}},{"start":{"line":23,"column":12},"end":{"line":24,"column":169}}],"line":14}},"s":{"0":2,"1":1,"2":0,"3":0,"4":0,"5":0,"6":0,"7":0,"8":0,"9":0,"10":0,"11":0},"f":{"0":1},"b":{"0":[1],"1":[0,0,0,0,0]},"_coverageSchema":"43e27e138ebf9cfc5966b082cf9a028302ed4184","hash":"d6e9096e92d7035ec524fe0af9074803796051d3"}
,"C:\\Users\\basbr\\Google Drive\\School\\Udacity\\projects\\evaluate-news-nlp\\src\\client\\js\\nameChecker.js": {"path":"C:\\Users\\basbr\\Google Drive\\School\\Udacity\\projects\\evaluate-news-nlp\\src\\client\\js\\nameChecker.js","statementMap":{"0":{"start":{"line":2,"column":4},"end":{"line":2,"column":68}},"1":{"start":{"line":3,"column":16},"end":{"line":9,"column":5}},"2":{"start":{"line":11,"column":4},"end":{"line":13,"column":5}},"3":{"start":{"line":12,"column":8},"end":{"line":12,"column":34}}},"fnMap":{"0":{"name":"checkForName","decl":{"start":{"line":1,"column":9},"end":{"line":1,"column":21}},"loc":{"start":{"line":1,"column":33},"end":{"line":14,"column":1}},"line":1}},"branchMap":{"0":{"loc":{"start":{"line":11,"column":4},"end":{"line":13,"column":5}},"type":"if","locations":[{"start":{"line":11,"column":4},"end":{"line":13,"column":5}},{"start":{"line":11,"column":4},"end":{"line":13,"column":5}}],"line":11}},"s":{"0":1,"1":1,"2":1,"3":0},"f":{"0":1},"b":{"0":[0,1]},"_coverageSchema":"43e27e138ebf9cfc5966b082cf9a028302ed4184","hash":"1f0e6d2bda1dd0f88ed4b31f120055831b7e274c"}
}
