TN:
SF:C:\Users\basbr\Google Drive\School\Udacity\projects\evaluate-news-nlp\src\client\js\formHandler.js
FN:5,(anonymous_0)
FN:10,(anonymous_1)
FNF:2
FNH:1
FNDA:1,(anonymous_0)
FNDA:0,(anonymous_1)
DA:5,1
DA:6,1
DA:7,0
DA:10,0
DA:11,0
DA:12,0
DA:13,0
DA:15,0
DA:18,0
DA:19,0
DA:22,0
DA:23,0
DA:25,0
LF:13
LH:2
BRDA:6,0,0,0
BRDA:6,0,1,0
BRDA:10,1,0,0
BRF:3
BRH:0
end_of_record
TN:
SF:C:\Users\basbr\Google Drive\School\Udacity\projects\evaluate-news-nlp\src\client\js\getAPIdata.js
FN:1,(anonymous_0)
FNF:1
FNH:1
FNDA:1,(anonymous_0)
DA:1,2
DA:2,1
DA:10,0
DA:11,0
DA:13,0
DA:14,0
DA:16,0
DA:18,0
DA:20,0
DA:22,0
DA:24,0
DA:27,0
LF:12
LH:2
BRDA:1,0,0,1
BRDA:14,1,0,0
BRDA:14,1,1,0
BRDA:14,1,2,0
BRDA:14,1,3,0
BRDA:14,1,4,0
BRF:6
BRH:1
end_of_record
TN:
SF:C:\Users\basbr\Google Drive\School\Udacity\projects\evaluate-news-nlp\src\client\js\nameChecker.js
FN:1,checkForName
FNF:1
FNH:1
FNDA:1,checkForName
DA:2,1
DA:3,1
DA:11,1
DA:12,0
LF:4
LH:3
BRDA:11,0,0,0
BRDA:11,0,1,1
BRF:2
BRH:1
end_of_record
